1720009502251:help
1720009510297:art
1720009530216:sdm
1720160217255:help
1720160223100:aa
1720160241636:sdm
1720160253499:aa
1720165162737:help
1720165169385:ag
1720165178675:sdm
1720165183010:ag
1720186436187:help
1720186445901:ab
1720186466376:sdm
1720186471412:ab
1720277901966:help
1720277924245:ab
1720277933368:sdm
1720277936862:ab
1720279591190:sdm
1720279594592:ab
1720286556894:help
1720286566851:ac
1720286573235:sdm
1720286579712:ac
1720286681924:sdm
1720286689290:ac
1720289641238:help
1720289645781:ac
1720289651847:sdm
1720294194782:help
1720294215363:sdm
1720294258437:ac
1720295421909:help
1720295428482:sdm
1720295451539:ac
1720295454404:ab
1720295557464:sdm
1720295563704:stacktrace
1720335084182:help
1720335087937:ac
1720335093573:sdm
1720335145316:stacktrace
1720375257931:help
1720375262353:sdm
1720375298174:ab
1720375300831:ac
1720375754982:sdm
1720375759564:aa
1720376249821:help
1720376253562:sdm
1720376263027:aa
1720376495093:sdm
1720376745836:ac
1720376755030:ab
1720376761359:aa
1720376769909:ab
1720376830996:sdm
1720376849051:ac
1720377234833:aa
1720377239039:sdm
1720377249954:aa
1720414432487:ab
1720414435747:ac
1720414442290:sdm
1720414509677:ac
1720414584830:help
1720414590284:aa
1720414593572:sdm
1720429180679:help
1720429219976:aa
1720429225711:ag
1720429234489:ab
1720429244081:ac
1720429255672:ac 668baa74bc3bb31de4cfc646
1720429276569:acbb 668baa74bc3bb31de4cfc641
1720429297889:sdm
1720429325545:aa
1720429334745:ag
1720429337936:ab
1720429345041:ac
1720435340439:help
1720435407545:aa
1720435436781:ab
1720435438814:ac
1720435503542:sdm
1720435525195:aa
1720435531147:ac
1720435535166:ab
1720435631609:sdm
1720435635116:ac
1720437577319:help
1720437635059:aa
1720437637463:ab
1720437639909:ac
1720437655147:acbb 668bcb3a20b72746b1627912
1720437677405:sdm
1720437713104:aa
1720437725714:ab
1720437730978:ac
1722709474757:help
1722709484037:aa
1722709501578:ac
1722709514601:sdm
1722709542766:ac
1722709547127:ab
1722709665615:sdm
1722709861041:ac
1722709921641:sdm
1722709925271:ac
1722767311376:sdm
1722767369575:ac
1722768175246:sdm
1722768187118:ac
1722768211931:ab
1723358034880:help
1723358043818:ac
1723358074976:aa
1723358082768:ab
1723358099108:ac
1723358140186:acbb 66b85b4c08145b593f147dd1
1723358172066:sdm
1723358188920:ab
1723358198670:aa
1723358201607:ac
1723367347783:ab
